0 info it worked if it ends with ok
1 verbose cli [ '/usr/local/bin/node', '/usr/local/bin/npm', 'run', 'dev' ]
2 info using npm@3.3.12
3 info using node@v5.3.0
4 verbose run-script [ 'predev', 'dev', 'postdev' ]
5 info lifecycle dagstaatje@0.0.1~predev: dagstaatje@0.0.1
6 silly lifecycle dagstaatje@0.0.1~predev: no script for predev, continuing
7 info lifecycle dagstaatje@0.0.1~dev: dagstaatje@0.0.1
8 verbose lifecycle dagstaatje@0.0.1~dev: unsafe-perm in lifecycle true
9 verbose lifecycle dagstaatje@0.0.1~dev: PATH: /usr/local/lib/node_modules/npm/bin/node-gyp-bin:/home/stofstik/web-development-local/dagstaatje/node_modules/.bin:/usr/local/sbin:/usr/local/bin:/usr/sbin:/usr/bin:/sbin:/bin:/usr/games:/usr/local/games:/home/stofstik/Stack/android-sdk-linux/platform-tools:/home/stofstik/Stack/apktool:/home/stofstik/Stack/binder_script:/home/stofstik/Stack/cyanogenmod/bin:/usr/local/lib/node_modules/jshint:/home/stofstik/tmux
10 verbose lifecycle dagstaatje@0.0.1~dev: CWD: /home/stofstik/web-development-local/dagstaatje
11 silly lifecycle dagstaatje@0.0.1~dev: Args: [ '-c', 'lite-server -c bs-config.js' ]
12 silly lifecycle dagstaatje@0.0.1~dev: Returned: code: 1  signal: null
13 info lifecycle dagstaatje@0.0.1~dev: Failed to exec dev script
14 verbose stack Error: dagstaatje@0.0.1 dev: `lite-server -c bs-config.js`
14 verbose stack Exit status 1
14 verbose stack     at EventEmitter.<anonymous> (/usr/local/lib/node_modules/npm/lib/utils/lifecycle.js:232:16)
14 verbose stack     at emitTwo (events.js:87:13)
14 verbose stack     at EventEmitter.emit (events.js:172:7)
14 verbose stack     at ChildProcess.<anonymous> (/usr/local/lib/node_modules/npm/lib/utils/spawn.js:24:14)
14 verbose stack     at emitTwo (events.js:87:13)
14 verbose stack     at ChildProcess.emit (events.js:172:7)
14 verbose stack     at maybeClose (internal/child_process.js:818:16)
14 verbose stack     at Process.ChildProcess._handle.onexit (internal/child_process.js:211:5)
15 verbose pkgid dagstaatje@0.0.1
16 verbose cwd /home/stofstik/web-development-local/dagstaatje
17 error Linux 4.2.0-35-generic
18 error argv "/usr/local/bin/node" "/usr/local/bin/npm" "run" "dev"
19 error node v5.3.0
20 error npm  v3.3.12
21 error code ELIFECYCLE
22 error dagstaatje@0.0.1 dev: `lite-server -c bs-config.js`
22 error Exit status 1
23 error Failed at the dagstaatje@0.0.1 dev script 'lite-server -c bs-config.js'.
23 error Make sure you have the latest version of node.js and npm installed.
23 error If you do, this is most likely a problem with the dagstaatje package,
23 error not with npm itself.
23 error Tell the author that this fails on your system:
23 error     lite-server -c bs-config.js
23 error You can get their info via:
23 error     npm owner ls dagstaatje
23 error There is likely additional logging output above.
24 verbose exit [ 1, true ]
